{
  "RSpec": {
    "coverage": {
      "/Users/lesleysanders/turing/3module/rails-engine/app/helpers/application_helper.rb": {
        "lines": [
          1,
          null
        ]
      },
      "/Users/lesleysanders/turing/3module/rails-engine/app/models/merchant.rb": {
        "lines": [
          1,
          null
        ]
      },
      "/Users/lesleysanders/turing/3module/rails-engine/app/models/application_record.rb": {
        "lines": [
          1,
          1,
          null
        ]
      },
      "/Users/lesleysanders/turing/3module/rails-engine/app/mailers/application_mailer.rb": {
        "lines": [
          0,
          0,
          0,
          0
        ],
        "branches": {
        }
      },
      "/Users/lesleysanders/turing/3module/rails-engine/app/models/customer.rb": {
        "lines": [
          0,
          0
        ],
        "branches": {
        }
      },
      "/Users/lesleysanders/turing/3module/rails-engine/app/jobs/application_job.rb": {
        "lines": [
          0,
          0
        ],
        "branches": {
        }
      },
      "/Users/lesleysanders/turing/3module/rails-engine/app/controllers/application_controller.rb": {
        "lines": [
          0,
          0
        ],
        "branches": {
        }
      },
      "/Users/lesleysanders/turing/3module/rails-engine/app/channels/application_cable/connection.rb": {
        "lines": [
          0,
          0,
          0,
          0
        ],
        "branches": {
        }
      },
      "/Users/lesleysanders/turing/3module/rails-engine/app/channels/application_cable/channel.rb": {
        "lines": [
          0,
          0,
          0,
          0
        ],
        "branches": {
        }
      }
    },
    "timestamp": 1638912340
  }
}
